\BOOKMARK [1][-]{Doc-Start}{\376\377\000I\000n\000d\000h\000o\000l\000d}{}% 1
\BOOKMARK [1][-]{section*.1}{\376\377\000F\000i\000g\000u\000r\000o\000v\000e\000r\000s\000i\000g\000t}{}% 2
\BOOKMARK [1][-]{section*.2}{\376\377\000T\000a\000b\000e\000l\000o\000v\000e\000r\000s\000i\000g\000t}{}% 3
\BOOKMARK [1][-]{section*.3}{\376\377\000P\000r\000o\000b\000l\000e\000m\000f\000o\000r\000m\000u\000l\000e\000r\000i\000n\000g}{}% 4
\BOOKMARK [1][-]{section*.4}{\376\377\000I\000n\000d\000l\000e\000d\000n\000i\000n\000g}{}% 5
\BOOKMARK [1][-]{section*.5}{\376\377\000B\000a\000s\000a\000l\000e\000\040\000w\000e\000b\000t\000e\000k\000n\000o\000l\000o\000g\000i\000e\000r}{}% 6
\BOOKMARK [2][-]{section*.6}{\376\377\000I\000n\000t\000e\000r\000n\000e\000t\000t\000e\000t\000\040\000o\000g\000\040\000W\000o\000r\000l\000d\000\040\000W\000i\000d\000e\000\040\000W\000e\000b}{section*.5}% 7
\BOOKMARK [2][-]{section*.7}{\376\377\000H\000T\000T\000P}{section*.5}% 8
\BOOKMARK [2][-]{section*.8}{\376\377\000W\0003\000C}{section*.5}% 9
\BOOKMARK [2][-]{section*.9}{\376\377\000H\000e\000a\000p\000/\000S\000t\000a\000c\000k\000\040\000\050\000b\000r\000o\000w\000s\000e\000r\000?\000\051\000\040\000\050\000f\000l\000y\000t\000?\000\051}{section*.5}% 10
\BOOKMARK [2][-]{section*.10}{\376\377\000H\000T\000M\000L}{section*.5}% 11
\BOOKMARK [2][-]{section*.11}{\376\377\000C\000S\000S}{section*.5}% 12
\BOOKMARK [3][-]{section*.12}{\376\377\000S\000t\000y\000l\000e\000\040\000c\000r\000e\000e\000p}{section*.11}% 13
\BOOKMARK [3][-]{section*.13}{\376\377\000F\000l\000e\000x\000b\000o\000x}{section*.11}% 14
\BOOKMARK [3][-]{section*.14}{\376\377\000C\000S\000S\000\040\000G\000r\000i\000d}{section*.11}% 15
\BOOKMARK [2][-]{section*.15}{\376\377\000B\000r\000o\000w\000s\000e\000r\000\040\000s\000u\000p\000p\000o\000r\000t\000\040\000\050\000f\000l\000y\000t\000?\000\051}{section*.5}% 16
\BOOKMARK [2][-]{section*.16}{\376\377\000J\000a\000v\000a\000S\000c\000r\000i\000p\000t}{section*.5}% 17
\BOOKMARK [3][-]{section*.17}{\376\377\000S\000c\000o\000p\000e\000\040\000\050\000b\000l\000o\000c\000k\000,\000\040\000f\000u\000n\000c\000t\000i\000o\000n\000,\000\040\000?\000\051}{section*.16}% 18
\BOOKMARK [3][-]{section*.18}{\376\377\000C\000o\000m\000p\000i\000l\000e\000r\000,\000\040\000r\000u\000n\000t\000i\000m\000e}{section*.16}% 19
\BOOKMARK [3][-]{section*.19}{\376\377\000D\000a\000t\000a\000t\000y\000p\000e\000r}{section*.16}% 20
\BOOKMARK [3][-]{section*.20}{\376\377\000N\000e\000d\000a\000r\000v\000n\000i\000n\000g\000\040\000m\000e\000d\000\040\000p\000r\000o\000t\000o\000t\000y\000p\000e\000\040\000p\000a\000t\000t\000e\000r\000n}{section*.16}% 21
\BOOKMARK [3][-]{section*.21}{\376\377\000N\000e\000d\000a\000r\000v\000n\000i\000n\000g\000\040\000m\000e\000d\000\040\000k\000l\000a\000s\000s\000e\000r}{section*.16}% 22
\BOOKMARK [3][-]{section*.22}{\376\377\000s\000t\000a\000t\000i\000c\000\040\000c\000l\000a\000s\000s\000\040\000f\000i\000e\000l\000d\000s}{section*.16}% 23
\BOOKMARK [3][-]{section*.23}{\376\377\000M\000o\000d\000u\000l\000e\000r}{section*.16}% 24
\BOOKMARK [1][-]{section*.24}{\376\377\000M\000o\000d\000e\000r\000n\000e\000\040\000w\000e\000b\000u\000d\000v\000i\000k\000l\000i\000n\000g\000\040\000m\000e\000d\000\040\000J\000a\000v\000a\000S\000c\000r\000i\000p\000t\000\040\000F\000r\000a\000m\000e\000w\000o\000r\000k\000s}{}% 25
\BOOKMARK [2][-]{section*.25}{\376\377\000U\000d\000f\000o\000r\000d\000r\000i\000n\000g\000e\000n\000\040\000v\000e\000d\000\040\000n\000y\000e\000\040\000t\000e\000k\000n\000o\000l\000o\000g\000i\000e\000r}{section*.24}% 26
\BOOKMARK [2][-]{section*.26}{\376\377\000S\000a\000m\000m\000e\000n\000l\000i\000g\000n\000i\000n\000g}{section*.24}% 27
\BOOKMARK [2][-]{section*.27}{\376\377\000R\000e\000a\000c\000t}{section*.24}% 28
\BOOKMARK [3][-]{section*.28}{\376\377\000K\000o\000m\000p\000o\000n\000e\000n\000t\000e\000r\000\040\000o\000g\000\040\000p\000r\000o\000p\000s}{section*.27}% 29
\BOOKMARK [3][-]{section*.29}{\376\377\000R\000e\000d\000u\000x}{section*.27}% 30
\BOOKMARK [3][-]{section*.30}{\376\377\000F\000u\000n\000k\000t\000i\000o\000n\000e\000l\000\040\000p\000r\000o\000g\000r\000a\000m\000m\000e\000r\000i\000n\000g}{section*.27}% 31
\BOOKMARK [3][-]{section*.31}{\376\377\000R\000e\000a\000c\000t\000-\000D\000O\000M}{section*.27}% 32
\BOOKMARK [3][-]{section*.32}{\376\377\000H\000o\000o\000k\000s}{section*.27}% 33
\BOOKMARK [2][-]{section*.33}{\376\377\000N\000o\000d\000e\000\040\000\050\000f\000l\000y\000t\000\051}{section*.24}% 34
\BOOKMARK [3][-]{section*.34}{\376\377\000C\000R\000A\000\040\000\050\000C\000r\000e\000a\000t\000e\000-\000R\000e\000a\000c\000t\000-\000A\000p\000p\000\051}{section*.33}% 35
\BOOKMARK [3][-]{section*.35}{\376\377\000I\000n\000d\000b\000y\000g\000g\000e\000d\000e\000\040\000v\000a\000r\000i\000a\000b\000l\000e\000r}{section*.33}% 36
\BOOKMARK [3][-]{section*.36}{\376\377\000I\000n\000d\000b\000y\000g\000g\000e\000d\000e\000\040\000m\000o\000d\000u\000l\000e\000r}{section*.33}% 37
\BOOKMARK [3][-]{section*.37}{\376\377\000m\000o\000d\000u\000l\000e\000.\000e\000x\000p\000o\000r\000t\000s\000\040\000e\000t\000c}{section*.33}% 38
\BOOKMARK [2][-]{section*.38}{\376\377\000N\000o\000d\000e\000\040\000f\000l\000y\000t\000t\000e\000s\000\040\000f\000\370\000r\000\040\000w\000e\000b\000p\000a\000c\000k}{section*.24}% 39
\BOOKMARK [2][-]{section*.39}{\376\377\000W\000e\000b\000p\000a\000c\000k}{section*.24}% 40
\BOOKMARK [3][-]{section*.40}{\376\377\000T\000r\000e\000e\000\040\000s\000h\000a\000k\000i\000n\000g}{section*.39}% 41
\BOOKMARK [3][-]{section*.41}{\376\377\000K\000o\000n\000f\000i\000g\000u\000r\000a\000t\000o\000n\000\040\000a\000f\000\040\000W\000e\000b\000p\000a\000c\000k}{section*.39}% 42
\BOOKMARK [3][-]{section*.42}{\376\377\000L\000o\000a\000d\000e\000r\000s}{section*.39}% 43
\BOOKMARK [2][-]{section*.43}{\376\377\000B\000a\000b\000e\000l}{section*.24}% 44
\BOOKMARK [2][-]{section*.44}{\376\377\000T\000y\000p\000e\000S\000c\000r\000i\000p\000t}{section*.24}% 45
\BOOKMARK [2][-]{section*.45}{\376\377\000V\000u\000e}{section*.24}% 46
\BOOKMARK [1][-]{section*.46}{\376\377\000M\000i\000c\000r\000o\000\040\000F\000r\000o\000n\000t\000e\000n\000d\000s}{}% 47
\BOOKMARK [2][-]{section*.47}{\376\377\000W\000e\000b\000\040\000C\000o\000m\000p\000o\000n\000e\000n\000t\000s}{section*.46}% 48
\BOOKMARK [3][-]{section*.48}{\376\377\000K\000o\000m\000p\000o\000n\000e\000n\000t\000e\000r}{section*.47}% 49
\BOOKMARK [3][-]{section*.49}{\376\377\000S\000h\000a\000d\000o\000w\000\040\000D\000O\000M}{section*.47}% 50
\BOOKMARK [2][-]{section*.50}{\376\377\000P\000o\000l\000y\000f\000i\000l\000l\000s}{section*.46}% 51
\BOOKMARK [2][-]{section*.51}{\376\377\000M\000o\000d\000u\000l\000e\000\040\000F\000e\000d\000e\000r\000a\000t\000o\000n}{section*.46}% 52
\BOOKMARK [1][-]{section*.52}{\376\377\000L\000i\000t\000t\000e\000r\000a\000t\000u\000r}{}% 53
