\BOOKMARK [1][-]{Doc-Start}{\376\377\000I\000n\000d\000h\000o\000l\000d}{}% 1
\BOOKMARK [1][-]{section*.1}{\376\377\000F\000i\000g\000u\000r\000o\000v\000e\000r\000s\000i\000g\000t}{}% 2
\BOOKMARK [1][-]{section*.2}{\376\377\000T\000a\000b\000e\000l\000o\000v\000e\000r\000s\000i\000g\000t}{}% 3
\BOOKMARK [1][-]{section*.3}{\376\377\000B\000a\000s\000a\000l\000e\000\040\000t\000e\000k\000n\000o\000l\000o\000g\000i\000e\000r}{}% 4
\BOOKMARK [2][-]{section*.4}{\376\377\000I\000n\000t\000e\000r\000n\000e\000t\000,\000\040\000W\000o\000r\000l\000d\000\040\000W\000i\000d\000e\000\040\000W\000e\000b\000\040\000o\000g\000\040\000H\000T\000T\000P}{section*.3}% 5
\BOOKMARK [2][-]{section*.5}{\376\377\000C\000S\000S}{section*.3}% 6
\BOOKMARK [3][-]{section*.6}{\376\377\000F\000l\000e\000x\000b\000o\000x}{section*.5}% 7
\BOOKMARK [3][-]{section*.7}{\376\377\000C\000S\000S\000\040\000G\000r\000i\000d}{section*.5}% 8
\BOOKMARK [2][-]{section*.8}{\376\377\000J\000a\000v\000a\000S\000c\000r\000i\000p\000t}{section*.3}% 9
\BOOKMARK [3][-]{section*.9}{\376\377\000D\000a\000t\000a\000t\000y\000p\000e\000r}{section*.8}% 10
\BOOKMARK [3][-]{section*.10}{\376\377\000P\000r\000o\000t\000o\000t\000y\000p\000e}{section*.8}% 11
\BOOKMARK [1][-]{section*.11}{\376\377\000J\000a\000v\000a\000S\000c\000r\000i\000p\000t\000\040\000F\000r\000a\000m\000e\000w\000o\000r\000k\000s}{}% 12
\BOOKMARK [2][-]{section*.12}{\376\377\000S\000a\000m\000m\000e\000n\000l\000i\000g\000n\000i\000n\000g}{section*.11}% 13
\BOOKMARK [2][-]{section*.13}{\376\377\000R\000e\000a\000c\000t}{section*.11}% 14
\BOOKMARK [3][-]{section*.14}{\376\377\000K\000o\000m\000p\000o\000n\000e\000n\000t\000e\000r\000\040\000o\000g\000\040\000p\000r\000o\000p\000s}{section*.13}% 15
\BOOKMARK [3][-]{section*.15}{\376\377\000R\000e\000d\000u\000x}{section*.13}% 16
\BOOKMARK [3][-]{section*.16}{\376\377\000F\000u\000n\000k\000t\000i\000o\000n\000e\000l\000\040\000p\000r\000o\000g\000r\000a\000m\000m\000e\000r\000i\000n\000g}{section*.13}% 17
\BOOKMARK [3][-]{section*.17}{\376\377\000R\000e\000a\000c\000t\000-\000D\000O\000M}{section*.13}% 18
\BOOKMARK [3][-]{section*.18}{\376\377\000H\000o\000o\000k\000s}{section*.13}% 19
\BOOKMARK [2][-]{section*.19}{\376\377\000N\000o\000d\000e}{section*.11}% 20
\BOOKMARK [3][-]{section*.20}{\376\377\000C\000R\000A\000\040\000\050\000C\000r\000e\000a\000t\000e\000-\000R\000e\000a\000c\000t\000-\000A\000p\000p\000\051}{section*.19}% 21
\BOOKMARK [1][-]{section*.21}{\376\377\000W\000e\000b\000p\000a\000c\000k}{}% 22
\BOOKMARK [1][-]{section*.22}{\376\377\000B\000a\000b\000e\000l}{}% 23
\BOOKMARK [2][-]{section*.23}{\376\377\000T\000y\000p\000e\000S\000c\000r\000i\000p\000t}{section*.22}% 24
\BOOKMARK [2][-]{section*.24}{\376\377\000V\000u\000e}{section*.22}% 25
\BOOKMARK [1][-]{section*.25}{\376\377\000M\000i\000c\000r\000o\000\040\000F\000r\000o\000n\000t\000e\000n\000d\000s}{}% 26
\BOOKMARK [2][-]{section*.26}{\376\377\000M\000o\000d\000u\000l\000e\000\040\000F\000e\000d\000e\000r\000a\000t\000o\000n}{section*.25}% 27
\BOOKMARK [2][-]{section*.27}{\376\377\000S\000i\000n\000g\000l\000e\000-\000S\000P\000A}{section*.25}% 28
\BOOKMARK [1][-]{section*.28}{\376\377\000L\000i\000t\000t\000e\000r\000a\000t\000u\000r}{}% 29
